<?xml version="1.0" encoding="UTF-8"?>
<!-- Generated by org.testng.reporters.JUnitXMLReporter -->
<testsuite ignored="0" hostname="IN-PG0351TV" failures="1" tests="20" name="Flipkart Test in Chrome" time="99.701" errors="0" timestamp="2024-05-18T00:54:59 IST">
  <testcase classname="tests.FlipkartTestCase" name="signupWithMobileNumber" time="5.712"/>
  <testcase classname="tests.FlipkartTestCase" name="signupWithMobileNumber" time="4.224"/>
  <testcase classname="tests.FlipkartTestCase" name="signupWithMobileNumber" time="3.913"/>
  <testcase classname="tests.FlipkartTestCase" name="signupWithMobileNumber" time="3.99"/>
  <testcase classname="tests.FlipkartTestCase" name="signupWithMobileNumber" time="3.848"/>
  <testcase classname="tests.FlipkartTestCase" name="loginToFlipkart" time="5.966"/>
  <testcase classname="tests.FlipkartTestCase" name="searchProduct" time="0.272"/>
  <testcase classname="tests.FlipkartTestCase" name="addToCart" time="7.562"/>
  <testcase classname="tests.FlipkartTestCase" name="getProductHighlights" time="11.978"/>
  <testcase classname="tests.FlipkartTestCase" name="goToGroceryPage" time="3.841"/>
  <testcase classname="tests.FlipkartTestCase" name="enterPinCodeTest" time="3.488"/>
  <testcase classname="tests.FlipkartTestCase" name="goToGrocerySnacksBeveragesBiscuitsPage" time="11.808">
    <failure type="org.openqa.selenium.NoSuchElementException" message="no such element: Unable to locate element: {&amp;quot;method&amp;quot;:&amp;quot;xpath&amp;quot;,&amp;quot;selector&amp;quot;:&amp;quot;//img[@class=&amp;apos;DByuf4&amp;apos;]&amp;quot;}
  (Session info: chrome=124.0.6367.208)
For documentation on this error, please visit: https://www.selenium.dev/documentation/webdriver/troubleshooting/errors#no-such-element-exception
Build info: version: &amp;apos;4.20.0&amp;apos;, revision: &amp;apos;866c76ca80&amp;apos;
System info: os.name: &amp;apos;Windows 11&amp;apos;, os.arch: &amp;apos;amd64&amp;apos;, os.version: &amp;apos;10.0&amp;apos;, java.version: &amp;apos;11.0.15&amp;apos;
Driver info: org.openqa.selenium.chrome.ChromeDriver
Command: [e10a2056aa663413e965a674c5f67ad0, findElement {value=//img[@class=&amp;apos;DByuf4&amp;apos;], using=xpath}]
Capabilities {acceptInsecureCerts: false, browserName: chrome, browserVersion: 124.0.6367.208, chrome: {chromedriverVersion: 124.0.6367.91 (51df0e5e17a8..., userDataDir: C:\Users\SAUMYA~1\AppData\L...}, fedcm:accounts: true, goog:chromeOptions: {debuggerAddress: localhost:54342}, networkConnectionEnabled: false, pageLoadStrategy: normal, platformName: windows, proxy: Proxy(), se:cdp: ws://localhost:54342/devtoo..., se:cdpVersion: 124.0.6367.208, setWindowRect: true, strictFileInteractability: false, timeouts: {implicit: 0, pageLoad: 300000, script: 30000}, unhandledPromptBehavior: dismiss and notify, webauthn:extension:credBlob: true, webauthn:extension:largeBlob: true, webauthn:extension:minPinLength: true, webauthn:extension:prf: true, webauthn:virtualAuthenticators: true}
Session ID: e10a2056aa663413e965a674c5f67ad0">
      <![CDATA[org.openqa.selenium.NoSuchElementException: no such element: Unable to locate element: {"method":"xpath","selector":"//img[@class='DByuf4']"}
  (Session info: chrome=124.0.6367.208)
For documentation on this error, please visit: https://www.selenium.dev/documentation/webdriver/troubleshooting/errors#no-such-element-exception
Build info: version: '4.20.0', revision: '866c76ca80'
System info: os.name: 'Windows 11', os.arch: 'amd64', os.version: '10.0', java.version: '11.0.15'
Driver info: org.openqa.selenium.chrome.ChromeDriver
Command: [e10a2056aa663413e965a674c5f67ad0, findElement {value=//img[@class='DByuf4'], using=xpath}]
Capabilities {acceptInsecureCerts: false, browserName: chrome, browserVersion: 124.0.6367.208, chrome: {chromedriverVersion: 124.0.6367.91 (51df0e5e17a8..., userDataDir: C:\Users\SAUMYA~1\AppData\L...}, fedcm:accounts: true, goog:chromeOptions: {debuggerAddress: localhost:54342}, networkConnectionEnabled: false, pageLoadStrategy: normal, platformName: windows, proxy: Proxy(), se:cdp: ws://localhost:54342/devtoo..., se:cdpVersion: 124.0.6367.208, setWindowRect: true, strictFileInteractability: false, timeouts: {implicit: 0, pageLoad: 300000, script: 30000}, unhandledPromptBehavior: dismiss and notify, webauthn:extension:credBlob: true, webauthn:extension:largeBlob: true, webauthn:extension:minPinLength: true, webauthn:extension:prf: true, webauthn:virtualAuthenticators: true}
Session ID: e10a2056aa663413e965a674c5f67ad0
at org.openqa.selenium.remote.ErrorCodec.decode(ErrorCodec.java:167)
at org.openqa.selenium.remote.codec.w3c.W3CHttpResponseCodec.decode(W3CHttpResponseCodec.java:138)
at org.openqa.selenium.remote.codec.w3c.W3CHttpResponseCodec.decode(W3CHttpResponseCodec.java:50)
at org.openqa.selenium.remote.HttpCommandExecutor.execute(HttpCommandExecutor.java:190)
at org.openqa.selenium.remote.service.DriverCommandExecutor.invokeExecute(DriverCommandExecutor.java:216)
at org.openqa.selenium.remote.service.DriverCommandExecutor.execute(DriverCommandExecutor.java:174)
at org.openqa.selenium.remote.RemoteWebDriver.execute(RemoteWebDriver.java:518)
at org.openqa.selenium.remote.ElementLocation$ElementFinder$2.findElement(ElementLocation.java:165)
at org.openqa.selenium.remote.ElementLocation.findElement(ElementLocation.java:59)
at org.openqa.selenium.remote.RemoteWebDriver.findElement(RemoteWebDriver.java:355)
at org.openqa.selenium.remote.RemoteWebDriver.findElement(RemoteWebDriver.java:349)
at tests.FlipkartTestCase.goToGrocerySnacksBeveragesBiscuitsPage(FlipkartTestCase.java:257)
at java.base/java.util.ArrayList.forEach(ArrayList.java:1541)
... Removed 31 stack frames]]>
    </failure>
  </testcase> <!-- goToGrocerySnacksBeveragesBiscuitsPage -->
  <testcase classname="tests.FlipkartTestCase" name="testCommunicationPreferencesPage" time="0.681"/>
  <testcase classname="tests.FlipkartTestCase" name="goToCorporateHomeAndSelectSustainability" time="3.85"/>
  <testcase classname="tests.FlipkartTestCase" name="scrollPageToBottom" time="2.309"/>
  <testcase classname="tests.FlipkartTestCase" name="gotoGroupCompanies" time="4.492"/>
  <testcase classname="tests.FlipkartTestCase" name="verifyGiftCardRedemption" time="2.563"/>
  <testcase classname="tests.FlipkartTestCase" name="verifyHighToLow" time="2.862"/>
  <testcase classname="tests.FlipkartTestCase" name="clickOnShareButton" time="2.725"/>
  <testcase classname="tests.FlipkartTestCase" name="clickOnNotificationPreferences" time="0.654"/>
</testsuite> <!-- Flipkart Test in Chrome -->
