<?xml version="1.0" encoding="UTF-8"?>
<!-- Generated by org.testng.reporters.JUnitXMLReporter -->
<testsuite ignored="0" hostname="IN-PG0351TV" failures="0" tests="11" name="Flipkart Test in Firefox" time="0.48" errors="0" timestamp="2024-05-16T00:05:58 IST">
  <testcase classname="tests.FlipkartTestCase" name="@BeforeClass setup" time="0.341">
    <failure type="org.openqa.selenium.SessionNotCreatedException" message="Could not start a new session. Possible causes are invalid address of the remote server or browser start-up failure. 
Host info: host: &amp;apos;IN-PG0351TV&amp;apos;, ip: &amp;apos;192.168.1.8&amp;apos;
Build info: version: &amp;apos;4.20.0&amp;apos;, revision: &amp;apos;866c76ca80&amp;apos;
System info: os.name: &amp;apos;Windows 11&amp;apos;, os.arch: &amp;apos;amd64&amp;apos;, os.version: &amp;apos;10.0&amp;apos;, java.version: &amp;apos;11.0.15&amp;apos;
Driver info: org.openqa.selenium.firefox.FirefoxDriver
Command: [null, newSession {capabilities=[Capabilities {acceptInsecureCerts: true, browserName: firefox, moz:debuggerAddress: true, moz:firefoxOptions: {}}]}]">
      <![CDATA[org.openqa.selenium.SessionNotCreatedException: Could not start a new session. Possible causes are invalid address of the remote server or browser start-up failure. 
Host info: host: 'IN-PG0351TV', ip: '192.168.1.8'
Build info: version: '4.20.0', revision: '866c76ca80'
System info: os.name: 'Windows 11', os.arch: 'amd64', os.version: '10.0', java.version: '11.0.15'
Driver info: org.openqa.selenium.firefox.FirefoxDriver
Command: [null, newSession {capabilities=[Capabilities {acceptInsecureCerts: true, browserName: firefox, moz:debuggerAddress: true, moz:firefoxOptions: {}}]}]
at org.openqa.selenium.remote.RemoteWebDriver.execute(RemoteWebDriver.java:536)
at org.openqa.selenium.remote.RemoteWebDriver.startSession(RemoteWebDriver.java:232)
at org.openqa.selenium.remote.RemoteWebDriver.<init>(RemoteWebDriver.java:161)
at org.openqa.selenium.firefox.FirefoxDriver.<init>(FirefoxDriver.java:155)
at org.openqa.selenium.firefox.FirefoxDriver.<init>(FirefoxDriver.java:150)
at org.openqa.selenium.firefox.FirefoxDriver.<init>(FirefoxDriver.java:132)
at org.openqa.selenium.firefox.FirefoxDriver.<init>(FirefoxDriver.java:127)
at org.openqa.selenium.firefox.FirefoxDriver.<init>(FirefoxDriver.java:112)
at org.openqa.selenium.firefox.FirefoxDriver.<init>(FirefoxDriver.java:102)
at tests.FlipkartTestCase.setup(FlipkartTestCase.java:71)
at java.base/java.util.ArrayList.forEach(ArrayList.java:1541)
Caused by: java.io.UncheckedIOException: java.io.IOException: Cannot run program "C:\Users\saumyapatel\eclipse-workspace\ExitTest\src\main\resources\drivers\geckodriver.exe": CreateProcess error=216, This version of %1 is not compatible with the version of Windows you're running. Check your computer's system information and then contact the software publisher
at org.openqa.selenium.os.ExternalProcess$Builder.start(ExternalProcess.java:193)
at org.openqa.selenium.remote.service.DriverService.start(DriverService.java:207)
at org.openqa.selenium.remote.service.DriverCommandExecutor.execute(DriverCommandExecutor.java:117)
at org.openqa.selenium.remote.RemoteWebDriver.execute(RemoteWebDriver.java:518)
... 35 more
Caused by: java.io.IOException: Cannot run program "C:\Users\saumyapatel\eclipse-workspace\ExitTest\src\main\resources\drivers\geckodriver.exe": CreateProcess error=216, This version of %1 is not compatible with the version of Windows you're running. Check your computer's system information and then contact the software publisher
at java.base/java.lang.ProcessBuilder.start(ProcessBuilder.java:1128)
at java.base/java.lang.ProcessBuilder.start(ProcessBuilder.java:1071)
at org.openqa.selenium.os.ExternalProcess$Builder.start(ExternalProcess.java:191)
... 38 more
Caused by: java.io.IOException: CreateProcess error=216, This version of %1 is not compatible with the version of Windows you're running. Check your computer's system information and then contact the software publisher
at java.base/java.lang.ProcessImpl.create(Native Method)
at java.base/java.lang.ProcessImpl.<init>(ProcessImpl.java:487)
at java.base/java.lang.ProcessImpl.start(ProcessImpl.java:154)
at java.base/java.lang.ProcessBuilder.start(ProcessBuilder.java:1107)
... 40 more
... Removed 25 stack frames]]>
    </failure>
  </testcase> <!-- @BeforeClass setup -->
  <testcase classname="tests.FlipkartTestCase" name="@AfterMethod getTestResult" time="0.0">
    <skipped/>
  </testcase> <!-- @AfterMethod getTestResult -->
  <testcase classname="tests.FlipkartTestCase" name="@AfterMethod getTestResult" time="0.0">
    <skipped/>
  </testcase> <!-- @AfterMethod getTestResult -->
  <testcase classname="tests.FlipkartTestCase" name="@AfterMethod getTestResult" time="0.0">
    <skipped/>
  </testcase> <!-- @AfterMethod getTestResult -->
  <testcase classname="tests.FlipkartTestCase" name="@AfterMethod getTestResult" time="0.0">
    <skipped/>
  </testcase> <!-- @AfterMethod getTestResult -->
  <testcase classname="tests.FlipkartTestCase" name="@AfterMethod getTestResult" time="0.0">
    <skipped/>
  </testcase> <!-- @AfterMethod getTestResult -->
  <testcase classname="tests.FlipkartTestCase" name="@AfterMethod getTestResult" time="0.0">
    <skipped/>
  </testcase> <!-- @AfterMethod getTestResult -->
  <testcase classname="tests.FlipkartTestCase" name="@AfterMethod getTestResult" time="0.0">
    <skipped/>
  </testcase> <!-- @AfterMethod getTestResult -->
  <testcase classname="tests.FlipkartTestCase" name="@AfterMethod getTestResult" time="0.0">
    <skipped/>
  </testcase> <!-- @AfterMethod getTestResult -->
  <testcase classname="tests.FlipkartTestCase" name="@AfterMethod getTestResult" time="0.0">
    <skipped/>
  </testcase> <!-- @AfterMethod getTestResult -->
  <testcase classname="tests.FlipkartTestCase" name="@AfterMethod getTestResult" time="0.0">
    <skipped/>
  </testcase> <!-- @AfterMethod getTestResult -->
  <testcase classname="tests.FlipkartTestCase" name="@AfterMethod getTestResult" time="0.0">
    <skipped/>
  </testcase> <!-- @AfterMethod getTestResult -->
  <testcase classname="tests.FlipkartTestCase" name="@AfterTest teardown" time="0.0">
    <skipped/>
  </testcase> <!-- @AfterTest teardown -->
  <testcase classname="tests.FlipkartTestCase" name="signupWithMobileNumber" time="0.001">
    <skipped/>
  </testcase> <!-- signupWithMobileNumber -->
  <testcase classname="tests.FlipkartTestCase" name="loginToFlipkart" time="0.0">
    <skipped/>
  </testcase> <!-- loginToFlipkart -->
  <testcase classname="tests.FlipkartTestCase" name="searchProduct" time="0.0">
    <skipped/>
  </testcase> <!-- searchProduct -->
  <testcase classname="tests.FlipkartTestCase" name="addToCart" time="0.0">
    <skipped/>
  </testcase> <!-- addToCart -->
  <testcase classname="tests.FlipkartTestCase" name="getProductHighlights" time="0.0">
    <skipped/>
  </testcase> <!-- getProductHighlights -->
  <testcase classname="tests.FlipkartTestCase" name="goToGroceryPage" time="0.0">
    <skipped/>
  </testcase> <!-- goToGroceryPage -->
  <testcase classname="tests.FlipkartTestCase" name="enterPinCodeTest" time="0.0">
    <skipped/>
  </testcase> <!-- enterPinCodeTest -->
  <testcase classname="tests.FlipkartTestCase" name="goToGrocerySnacksBeveragesBiscuitsPage" time="0.0">
    <skipped/>
  </testcase> <!-- goToGrocerySnacksBeveragesBiscuitsPage -->
  <testcase classname="tests.FlipkartTestCase" name="testCommunicationPreferencesPage" time="0.0">
    <skipped/>
  </testcase> <!-- testCommunicationPreferencesPage -->
  <testcase classname="tests.FlipkartTestCase" name="goToCorporateHomeAndSelectSustainability" time="0.0">
    <skipped/>
  </testcase> <!-- goToCorporateHomeAndSelectSustainability -->
  <testcase classname="tests.FlipkartTestCase" name="scrollPageToBottom" time="0.0">
    <skipped/>
  </testcase> <!-- scrollPageToBottom -->
</testsuite> <!-- Flipkart Test in Firefox -->
